{"/Users/nickdowmon/projects/github/graph-whois/src/DomainProviderClient.ts": {"path":"/Users/nickdowmon/projects/github/graph-whois/src/DomainProviderClient.ts","statementMap":{"0":{"start":{"line":1,"column":0},"end":{"line":1,"column":42}},"1":{"start":{"line":2,"column":0},"end":{"line":2,"column":53}},"2":{"start":{"line":10,"column":23},"end":{"line":10,"column":48}},"3":{"start":{"line":13,"column":4},"end":{"line":51,"column":6}},"4":{"start":{"line":15,"column":8},"end":{"line":26,"column":11}},"5":{"start":{"line":16,"column":10},"end":{"line":25,"column":13}},"6":{"start":{"line":17,"column":12},"end":{"line":19,"column":null}},"7":{"start":{"line":18,"column":14},"end":{"line":18,"column":33}},"8":{"start":{"line":21,"column":12},"end":{"line":24,"column":15}},"9":{"start":{"line":32,"column":10},"end":{"line":48,"column":null}},"10":{"start":{"line":33,"column":12},"end":{"line":40,"column":14}},"11":{"start":{"line":42,"column":12},"end":{"line":47,"column":14}},"12":{"start":{"line":9,"column":0},"end":{"line":9,"column":21}}},"fnMap":{"0":{"name":"(anonymous_1)","decl":{"start":{"line":10,"column":2},"end":{"line":10,"column":23}},"loc":{"start":{"line":10,"column":48},"end":{"line":10,"column":52}}},"1":{"name":"(anonymous_2)","decl":{"start":{"line":12,"column":9},"end":{"line":12,"column":14}},"loc":{"start":{"line":12,"column":52},"end":{"line":52,"column":3}}},"2":{"name":"(anonymous_3)","decl":{"start":{"line":14,"column":6},"end":{"line":14,"column":9}},"loc":{"start":{"line":14,"column":11},"end":{"line":27,"column":7}}},"3":{"name":"(anonymous_4)","decl":{"start":{"line":15,"column":35},"end":{"line":15,"column":36}},"loc":{"start":{"line":15,"column":55},"end":{"line":26,"column":9}}},"4":{"name":"(anonymous_5)","decl":{"start":{"line":16,"column":35},"end":{"line":16,"column":36}},"loc":{"start":{"line":16,"column":51},"end":{"line":25,"column":11}}},"5":{"name":"(anonymous_6)","decl":{"start":{"line":31,"column":21},"end":{"line":31,"column":22}},"loc":{"start":{"line":31,"column":45},"end":{"line":49,"column":9}}}},"branchMap":{"0":{"loc":{"start":{"line":17,"column":12},"end":{"line":19,"column":null}},"type":"if","locations":[{"start":{"line":17,"column":12},"end":{"line":19,"column":null}},{"start":{"line":17,"column":12},"end":{"line":19,"column":null}}]},"1":{"loc":{"start":{"line":32,"column":10},"end":{"line":48,"column":null}},"type":"if","locations":[{"start":{"line":32,"column":10},"end":{"line":48,"column":null}},{"start":{"line":32,"column":10},"end":{"line":48,"column":null}}]}},"s":{"0":3,"1":3,"2":4,"3":3,"4":6,"5":6,"6":6,"7":4,"8":2,"9":4,"10":3,"11":1,"12":3},"f":{"0":4,"1":3,"2":6,"3":6,"4":6,"5":4},"b":{"0":[4,2],"1":[3,1]}}
,"/Users/nickdowmon/projects/github/graph-whois/src/converters.ts": {"path":"/Users/nickdowmon/projects/github/graph-whois/src/converters.ts","statementMap":{"0":{"start":{"line":3,"column":0},"end":{"line":3,"column":80}},"1":{"start":{"line":4,"column":0},"end":{"line":4,"column":37}},"2":{"start":{"line":7,"column":2},"end":{"line":24,"column":4}},"3":{"start":{"line":6,"column":0},"end":{"line":6,"column":16}}},"fnMap":{"0":{"name":"createDomainEntity","decl":{"start":{"line":6,"column":16},"end":{"line":6,"column":34}},"loc":{"start":{"line":6,"column":49},"end":{"line":25,"column":1}}}},"branchMap":{},"s":{"0":2,"1":2,"2":5,"3":2},"f":{"0":5},"b":{}}
,"/Users/nickdowmon/projects/github/graph-whois/src/executionHandler.ts": {"path":"/Users/nickdowmon/projects/github/graph-whois/src/executionHandler.ts","statementMap":{"0":{"start":{"line":5,"column":0},"end":{"line":5,"column":50}},"1":{"start":{"line":7,"column":0},"end":{"line":7,"column":52}},"2":{"start":{"line":8,"column":0},"end":{"line":8,"column":59}},"3":{"start":{"line":9,"column":0},"end":{"line":9,"column":83}},"4":{"start":{"line":14,"column":41},"end":{"line":14,"column":67}},"5":{"start":{"line":15,"column":18},"end":{"line":15,"column":79}},"6":{"start":{"line":17,"column":49},"end":{"line":20,"column":4}},"7":{"start":{"line":22,"column":2},"end":{"line":27,"column":4}},"8":{"start":{"line":11,"column":0},"end":{"line":11,"column":15}},"9":{"start":{"line":34,"column":43},"end":{"line":34,"column":45}},"10":{"start":{"line":36,"column":2},"end":{"line":38,"column":null}},"11":{"start":{"line":37,"column":4},"end":{"line":37,"column":55}},"12":{"start":{"line":40,"column":17},"end":{"line":40,"column":44}},"13":{"start":{"line":41,"column":2},"end":{"line":41,"column":58}},"14":{"start":{"line":41,"column":30},"end":{"line":41,"column":56}}},"fnMap":{"0":{"name":"executionHandler","decl":{"start":{"line":11,"column":30},"end":{"line":11,"column":46}},"loc":{"start":{"line":12,"column":38},"end":{"line":28,"column":1}}},"1":{"name":"fetchDomainEntitiesFromProvider","decl":{"start":{"line":30,"column":15},"end":{"line":30,"column":46}},"loc":{"start":{"line":32,"column":32},"end":{"line":42,"column":1}}},"2":{"name":"(anonymous_3)","decl":{"start":{"line":41,"column":20},"end":{"line":41,"column":26}},"loc":{"start":{"line":41,"column":30},"end":{"line":41,"column":56}}}},"branchMap":{},"s":{"0":1,"1":1,"2":1,"3":1,"4":1,"5":1,"6":1,"7":1,"8":1,"9":1,"10":1,"11":4,"12":1,"13":1,"14":4},"f":{"0":1,"1":1,"2":4},"b":{}}
,"/Users/nickdowmon/projects/github/graph-whois/src/initializeContext.ts": {"path":"/Users/nickdowmon/projects/github/graph-whois/src/initializeContext.ts","statementMap":{"0":{"start":{"line":2,"column":0},"end":{"line":2,"column":58}},"1":{"start":{"line":8,"column":2},"end":{"line":12,"column":4}},"2":{"start":{"line":5,"column":0},"end":{"line":5,"column":24}}},"fnMap":{"0":{"name":"initializeContext","decl":{"start":{"line":5,"column":24},"end":{"line":5,"column":41}},"loc":{"start":{"line":6,"column":38},"end":{"line":13,"column":1}}}},"branchMap":{},"s":{"0":2,"1":1,"2":2},"f":{"0":1},"b":{}}
,"/Users/nickdowmon/projects/github/graph-whois/src/invocationValidator.ts": {"path":"/Users/nickdowmon/projects/github/graph-whois/src/invocationValidator.ts","statementMap":{"0":{"start":{"line":1,"column":0},"end":{"line":1,"column":null}},"1":{"start":{"line":5,"column":0},"end":{"line":5,"column":44}},"2":{"start":{"line":6,"column":0},"end":{"line":6,"column":83}},"3":{"start":{"line":28,"column":6},"end":{"line":28,"column":13}},"4":{"start":{"line":30,"column":2},"end":{"line":34,"column":null}},"5":{"start":{"line":31,"column":4},"end":{"line":33,"column":6}},"6":{"start":{"line":36,"column":18},"end":{"line":36,"column":62}},"7":{"start":{"line":38,"column":2},"end":{"line":42,"column":null}},"8":{"start":{"line":39,"column":4},"end":{"line":41,"column":null}},"9":{"start":{"line":40,"column":6},"end":{"line":40,"column":80}},"10":{"start":{"line":44,"column":2},"end":{"line":44,"column":27}},"11":{"start":{"line":23,"column":0},"end":{"line":23,"column":15}}},"fnMap":{"0":{"name":"invocationValidator","decl":{"start":{"line":23,"column":30},"end":{"line":23,"column":49}},"loc":{"start":{"line":24,"column":39},"end":{"line":45,"column":1}}}},"branchMap":{"0":{"loc":{"start":{"line":30,"column":2},"end":{"line":34,"column":null}},"type":"if","locations":[{"start":{"line":30,"column":2},"end":{"line":34,"column":null}},{"start":{"line":30,"column":2},"end":{"line":34,"column":null}}]},"1":{"loc":{"start":{"line":39,"column":4},"end":{"line":41,"column":null}},"type":"if","locations":[{"start":{"line":39,"column":4},"end":{"line":41,"column":null}},{"start":{"line":39,"column":4},"end":{"line":41,"column":null}}]}},"s":{"0":1,"1":1,"2":1,"3":6,"4":6,"5":1,"6":5,"7":5,"8":16,"9":1,"10":4,"11":1},"f":{"0":6},"b":{"0":[1,5],"1":[1,15]}}
,"/Users/nickdowmon/projects/github/graph-whois/src/types.ts": {"path":"/Users/nickdowmon/projects/github/graph-whois/src/types.ts","statementMap":{"0":{"start":{"line":9,"column":13},"end":{"line":9,"column":52}},"1":{"start":{"line":10,"column":13},"end":{"line":10,"column":44}}},"fnMap":{},"branchMap":{},"s":{"0":2,"1":2},"f":{},"b":{}}
,"/Users/nickdowmon/projects/github/graph-whois/src/util/getDomainListFromConfigParam.ts": {"path":"/Users/nickdowmon/projects/github/graph-whois/src/util/getDomainListFromConfigParam.ts","statementMap":{"0":{"start":{"line":4,"column":2},"end":{"line":9,"column":38}},"1":{"start":{"line":9,"column":28},"end":{"line":9,"column":36}},"2":{"start":{"line":1,"column":0},"end":{"line":1,"column":16}}},"fnMap":{"0":{"name":"getDomainListFromConfigParam","decl":{"start":{"line":1,"column":16},"end":{"line":1,"column":44}},"loc":{"start":{"line":2,"column":33},"end":{"line":10,"column":1}}},"1":{"name":"(anonymous_1)","decl":{"start":{"line":9,"column":23},"end":{"line":9,"column":24}},"loc":{"start":{"line":9,"column":28},"end":{"line":9,"column":36}}}},"branchMap":{"0":{"loc":{"start":{"line":5,"column":6},"end":{"line":8,"column":19}},"type":"cond-expr","locations":[{"start":{"line":5,"column":6},"end":{"line":8,"column":19}},{"start":{"line":9,"column":6},"end":{"line":9,"column":37}}]}},"s":{"0":6,"1":2,"2":2},"f":{"0":6,"1":2},"b":{"0":[5,1]}}
,"/Users/nickdowmon/projects/github/graph-whois/src/util/getTime.ts": {"path":"/Users/nickdowmon/projects/github/graph-whois/src/util/getTime.ts","statementMap":{"0":{"start":{"line":4,"column":2},"end":{"line":4,"column":53}},"1":{"start":{"line":1,"column":0},"end":{"line":1,"column":24}}},"fnMap":{"0":{"name":"getTime","decl":{"start":{"line":1,"column":24},"end":{"line":1,"column":31}},"loc":{"start":{"line":2,"column":33},"end":{"line":5,"column":1}}}},"branchMap":{"0":{"loc":{"start":{"line":4,"column":16},"end":{"line":4,"column":40}},"type":"cond-expr","locations":[{"start":{"line":4,"column":16},"end":{"line":4,"column":40}},{"start":{"line":4,"column":43},"end":{"line":4,"column":52}}]}},"s":{"0":18,"1":2},"f":{"0":18},"b":{"0":[6,12]}}
}
