TN:
SF:/Users/nickdowmon/projects/github/graph-whois/src/DomainProviderClient.ts
FN:10,(anonymous_1)
FN:12,(anonymous_2)
FN:14,(anonymous_3)
FN:15,(anonymous_4)
FN:16,(anonymous_5)
FN:31,(anonymous_6)
FNF:6
FNH:6
FNDA:4,(anonymous_1)
FNDA:3,(anonymous_2)
FNDA:6,(anonymous_3)
FNDA:6,(anonymous_4)
FNDA:6,(anonymous_5)
FNDA:4,(anonymous_6)
DA:1,3
DA:2,3
DA:9,3
DA:10,4
DA:13,3
DA:15,6
DA:16,6
DA:17,6
DA:18,4
DA:21,2
DA:32,4
DA:33,3
DA:42,1
LF:13
LH:13
BRDA:17,0,0,4
BRDA:17,0,1,2
BRDA:32,1,0,3
BRDA:32,1,1,1
BRF:4
BRH:4
end_of_record
TN:
SF:/Users/nickdowmon/projects/github/graph-whois/src/converters.ts
FN:6,createDomainEntity
FNF:1
FNH:1
FNDA:5,createDomainEntity
DA:3,2
DA:4,2
DA:6,2
DA:7,5
LF:4
LH:4
BRF:0
BRH:0
end_of_record
TN:
SF:/Users/nickdowmon/projects/github/graph-whois/src/executionHandler.ts
FN:11,executionHandler
FN:30,fetchDomainEntitiesFromProvider
FN:41,(anonymous_3)
FNF:3
FNH:3
FNDA:1,executionHandler
FNDA:1,fetchDomainEntitiesFromProvider
FNDA:4,(anonymous_3)
DA:5,1
DA:7,1
DA:8,1
DA:9,1
DA:11,1
DA:14,1
DA:15,1
DA:17,1
DA:22,1
DA:34,1
DA:36,1
DA:37,4
DA:40,1
DA:41,4
LF:14
LH:14
BRF:0
BRH:0
end_of_record
TN:
SF:/Users/nickdowmon/projects/github/graph-whois/src/initializeContext.ts
FN:5,initializeContext
FNF:1
FNH:1
FNDA:1,initializeContext
DA:2,2
DA:5,2
DA:8,1
LF:3
LH:3
BRF:0
BRH:0
end_of_record
TN:
SF:/Users/nickdowmon/projects/github/graph-whois/src/invocationValidator.ts
FN:23,invocationValidator
FNF:1
FNH:1
FNDA:6,invocationValidator
DA:1,1
DA:5,1
DA:6,1
DA:23,1
DA:28,6
DA:30,6
DA:31,1
DA:36,5
DA:38,5
DA:39,16
DA:40,1
DA:44,4
LF:12
LH:12
BRDA:30,0,0,1
BRDA:30,0,1,5
BRDA:39,1,0,1
BRDA:39,1,1,15
BRF:4
BRH:4
end_of_record
TN:
SF:/Users/nickdowmon/projects/github/graph-whois/src/types.ts
FNF:0
FNH:0
DA:9,2
DA:10,2
LF:2
LH:2
BRF:0
BRH:0
end_of_record
TN:
SF:/Users/nickdowmon/projects/github/graph-whois/src/util/getDomainListFromConfigParam.ts
FN:1,getDomainListFromConfigParam
FN:9,(anonymous_1)
FNF:2
FNH:2
FNDA:6,getDomainListFromConfigParam
FNDA:2,(anonymous_1)
DA:1,2
DA:4,6
DA:9,2
LF:3
LH:3
BRDA:5,0,0,5
BRDA:5,0,1,1
BRF:2
BRH:2
end_of_record
TN:
SF:/Users/nickdowmon/projects/github/graph-whois/src/util/getTime.ts
FN:1,getTime
FNF:1
FNH:1
FNDA:18,getTime
DA:1,2
DA:4,18
LF:2
LH:2
BRDA:4,0,0,6
BRDA:4,0,1,12
BRF:2
BRH:2
end_of_record
